The system is: Windows - 10.0.26200 - AMD64
Compiling the CXX compiler identification source file "CMakeCXXCompilerId.cpp" succeeded.
Compiler: C:/Program Files (x86)/Microsoft Visual Studio/2019/Community/VC/Tools/MSVC/14.29.30133/bin/HostX86/x64/cl.exe 
Build flags: -DQT_QML_DEBUG
Id flags:  

The output was:
0
用于 x64 的 Microsoft (R) C/C++ 优化编译器 19.29.30159 版
版权所有(C) Microsoft Corporation。保留所有权利。

CMakeCXXCompilerId.cpp
Microsoft (R) Incremental Linker Version 14.29.30159.0
Copyright (C) Microsoft Corporation.  All rights reserved.

/out:CMakeCXXCompilerId.exe 
CMakeCXXCompilerId.obj 


Compilation of the CXX compiler identification source "CMakeCXXCompilerId.cpp" produced "CMakeCXXCompilerId.exe"

Compilation of the CXX compiler identification source "CMakeCXXCompilerId.cpp" produced "CMakeCXXCompilerId.obj"

The CXX compiler identification is MSVC, found in "D:/Mirror/Projects/WebRtcDemo/build/Desktop_Qt_6_8_3_MSVC2022_64bit-Debug/CMakeFiles/3.25.1/CompilerIdCXX/CMakeCXXCompilerId.exe"

Detecting CXX compiler ABI info compiled with the following output:
Change Dir: D:/Mirror/Projects/WebRtcDemo/build/Desktop_Qt_6_8_3_MSVC2022_64bit-Debug/CMakeFiles/CMakeScratch/TryCompile-k9s5sm

Run Build Command(s):C:/Qt/android-sdk-windows/platform-tools/ninja.exe cmTC_83324 && [1/2] Building CXX object CMakeFiles\cmTC_83324.dir\CMakeCXXCompilerABI.cpp.obj
[2/2] Linking CXX executable cmTC_83324.exe



Performing C++ SOURCE FILE Test HAVE_STDATOMIC succeeded with the following output:
Change Dir: D:/Mirror/Projects/WebRtcDemo/build/Desktop_Qt_6_8_3_MSVC2022_64bit-Debug/CMakeFiles/CMakeScratch/TryCompile-1kzs4w

Run Build Command(s):C:/Qt/android-sdk-windows/platform-tools/ninja.exe cmTC_1b916 && [1/2] Building CXX object CMakeFiles\cmTC_1b916.dir\src.cxx.obj
[2/2] Linking CXX executable cmTC_1b916.exe


Source file was:
#include <atomic>
#include <cstdint>

int main(int, char **)
{
    volatile std::atomic<char>    size_1;
    volatile std::atomic<short>   size_2;
    volatile std::atomic<int>     size_4;
    volatile std::atomic<int64_t> size_8;

    ++size_1;
    ++size_2;
    ++size_4;
    ++size_8;

    (void)size_1.load(std::memory_order_relaxed);
    (void)size_2.load(std::memory_order_relaxed);
    (void)size_4.load(std::memory_order_relaxed);
    (void)size_8.load(std::memory_order_relaxed);

    return 0;
}

Compiling the C compiler identification source file "CMakeCCompilerId.c" succeeded.
Compiler: C:/Program Files (x86)/Microsoft Visual Studio/2019/Community/VC/Tools/MSVC/14.29.30133/bin/HostX86/x64/cl.exe 
Build flags: 
Id flags: -c 

The output was:
0
用于 x64 的 Microsoft (R) C/C++ 优化编译器 19.29.30159 版
版权所有(C) Microsoft Corporation。保留所有权利。

CMakeCCompilerId.c


Compilation of the C compiler identification source "CMakeCCompilerId.c" produced "CMakeCCompilerId.obj"

The C compiler identification is MSVC, found in "D:/Mirror/Projects/WebRtcDemo/build/Desktop_Qt_6_8_3_MSVC2022_64bit-Debug/CMakeFiles/3.25.1/CompilerIdC/CMakeCCompilerId.obj"

Compiling the C compiler identification source file "CMakeCCompilerId.c" succeeded.
Compiler: C:/Program Files (x86)/Microsoft Visual Studio/2019/Community/VC/Tools/MSVC/14.29.30133/bin/HostX86/x64/cl.exe 
Build flags: 
Id flags: -c 

The output was:
0
用于 x64 的 Microsoft (R) C/C++ 优化编译器 19.29.30159 版
版权所有(C) Microsoft Corporation。保留所有权利。

CMakeCCompilerId.c


Compilation of the C compiler identification source "CMakeCCompilerId.c" produced "CMakeCCompilerId.obj"

The C compiler identification is MSVC, found in "D:/Mirror/Projects/WebRtcDemo/build/Desktop_Qt_6_8_3_MSVC2022_64bit-Debug/CMakeFiles/3.25.1/CompilerIdC/CMakeCCompilerId.obj"

Compiling the C compiler identification source file "CMakeCCompilerId.c" succeeded.
Compiler: C:/Program Files (x86)/Microsoft Visual Studio/2019/Community/VC/Tools/MSVC/14.29.30133/bin/HostX86/x64/cl.exe 
Build flags: /DWIN32;/D_WINDOWS
Id flags: -c 

The output was:
0
用于 x64 的 Microsoft (R) C/C++ 优化编译器 19.29.30159 版
版权所有(C) Microsoft Corporation。保留所有权利。

CMakeCCompilerId.c


Compilation of the C compiler identification source "CMakeCCompilerId.c" produced "CMakeCCompilerId.obj"

The C compiler identification is MSVC, found in "D:/Mirror/Projects/WebRtcDemo/build/Desktop_Qt_6_8_3_MSVC2022_64bit-Debug/CMakeFiles/3.25.1/CompilerIdC/CMakeCCompilerId.obj"

Compiling the C compiler identification source file "CMakeCCompilerId.c" succeeded.
Compiler: C:/Program Files (x86)/Microsoft Visual Studio/2019/Community/VC/Tools/MSVC/14.29.30133/bin/HostX86/x64/cl.exe 
Build flags: /DWIN32;/D_WINDOWS
Id flags:  

The output was:
0
用于 x64 的 Microsoft (R) C/C++ 优化编译器 19.29.30159 版
版权所有(C) Microsoft Corporation。保留所有权利。

CMakeCCompilerId.c
Microsoft (R) Incremental Linker Version 14.29.30159.0
Copyright (C) Microsoft Corporation.  All rights reserved.

/out:CMakeCCompilerId.exe 
CMakeCCompilerId.obj 


Compilation of the C compiler identification source "CMakeCCompilerId.c" produced "CMakeCCompilerId.exe"

Compilation of the C compiler identification source "CMakeCCompilerId.c" produced "CMakeCCompilerId.obj"

The C compiler identification is MSVC, found in "D:/Mirror/Projects/WebRtcDemo/build/Desktop_Qt_6_8_3_MSVC2022_64bit-Debug/CMakeFiles/3.25.1/CompilerIdC/CMakeCCompilerId.exe"

Detecting C compiler ABI info compiled with the following output:
Change Dir: D:/Mirror/Projects/WebRtcDemo/build/Desktop_Qt_6_8_3_MSVC2022_64bit-Debug/CMakeFiles/CMakeScratch/TryCompile-checma

Run Build Command(s):C:/Qt/android-sdk-windows/platform-tools/ninja.exe cmTC_75219 && [1/2] Building C object CMakeFiles\cmTC_75219.dir\CMakeCCompilerABI.c.obj
[2/2] Linking C executable cmTC_75219.exe



